[2025-11-13 14:04:27] WARN: POST /login 404 4.299 ms - 64
[2025-11-13 14:04:37] WARN: POST /api/login 404 1.210 ms - 64
[2025-11-13 14:04:38] WARN: POST /api/login 404 0.622 ms - 64
[2025-11-13 14:04:45] WARN: POST /api//login 404 0.579 ms - 64
[2025-11-13 14:05:08] WARN: POST /api//auth/login 404 0.622 ms - 64
[2025-11-13 14:05:15] WARN: POST /api/auth/login 401 139.320 ms - 78
[2025-11-13 14:05:32] INFO: POST /api/auth/login 200 57.546 ms - 440
[2025-11-13 14:05:59] INFO: POST /api/auth/login 200 60.018 ms - 440
[2025-11-13 14:06:07] WARN: GET /api//me 404 0.866 ms - 64
[2025-11-13 14:06:11] WARN: GET /api//auth/me 404 0.521 ms - 64
[2025-11-13 14:06:13] ERROR: GET /api/auth/me 500 15.846 ms - 1137
[2025-11-13 14:07:15] ERROR: GET /api/auth/me 500 17.738 ms - 1137
[2025-11-13 14:08:20] INFO: POST /api/auth/login 200 77.743 ms - 442
[2025-11-13 14:08:24] INFO: GET /api/auth/me 200 6.766 ms - 255
[2025-11-13 14:08:56] INFO: POST /api/auth/logout 200 15.683 ms - 61
[2025-11-13 14:09:00] WARN: GET /api/auth/me 401 2.369 ms - 86
[2025-11-13 14:11:41] WARN: GET /api/auth/me 401 17.839 ms - 86
[2025-11-13 14:11:42] WARN: GET /api/auth/me 401 2.557 ms - 86
[2025-11-13 14:11:52] INFO: POST /api/auth/login 200 56.615 ms - 442
[2025-11-13 14:11:56] INFO: GET /api/auth/me 200 5.686 ms - 255
[2025-11-13 14:13:23] WARN: POST /api/files 401 0.791 ms - 86
[2025-11-13 14:13:30] WARN: POST /api/files 400 4.492 ms - 66
[2025-11-13 14:13:38] INFO: POST /api/auth/login 200 52.982 ms - 442
[2025-11-13 14:13:53] WARN: POST /api/folders 404 0.523 ms - 64
[2025-11-13 14:15:10] WARN: POST /api/files 400 2048.076 ms - 66
[2025-11-13 14:19:43] WARN: POST /api/files 400 24.805 ms - 108
[2025-11-13 14:20:15] WARN: POST /api/files 400 23.804 ms - 108
[2025-11-13 14:20:29] ERROR: POST /api/files 500 3109.757 ms - 103
[2025-11-13 14:20:52] INFO: POST /api/files 201 4281.513 ms - 354
[2025-11-13 14:25:47] INFO: POST /api/files 201 2032.938 ms - 361
[2025-11-13 15:01:45] WARN: POST /api/files 401 14.537 ms - 77
[2025-11-13 15:01:52] INFO: POST /api/auth/login 200 66.065 ms - 442
[2025-11-13 15:01:57] ERROR: POST /api/files 500 1559.384 ms - 385
[2025-11-13 15:07:03] INFO: POST /api/files 201 1797.278 ms - 369
[2025-11-13 15:08:01] WARN: GET /api/files/file-management/6e3a74c068b54f919c4f8deda5551650tes/mfm3d2kovhhfxqwq4dcb 404 0.931 ms - 64
[2025-11-13 15:08:35] WARN: GET /api/files/0a769060-a198-4213-88d1-01809e78a7dd 400 6.736 ms - 66
[2025-11-13 15:08:47] WARN: GET /api/files/0a769060-a198-4213-88d1-01809e78a7dd 400 5.125 ms - 66
[2025-11-13 15:10:31] INFO: GET /api/files/0a769060-a198-4213-88d1-01809e78a7dd 200 831.565 ms - 0
[2025-11-13 15:19:28] INFO: GET /api/files/0a769060-a198-4213-88d1-01809e78a7dd 200 141.590 ms - 0
[2025-11-13 15:19:41] INFO: GET /api/files/0a769060-a198-4213-88d1-01809e78a7dd/download 200 64.795 ms - 3960
[2025-11-13 15:19:58] WARN: GET /api/files/0a769060-a198-4213-88d1-01809e78a7dd/download 401 2.095 ms - 86
[2025-11-13 15:19:58] WARN: GET /favicon.ico 404 1.151 ms - 64
[2025-11-13 15:20:30] WARN: GET /api/files/0a769060-a198-4213-88d1-01809e78a7dd/download 401 3.523 ms - 86
[2025-11-13 15:20:34] INFO: GET /api/files/0a769060-a198-4213-88d1-01809e78a7dd 200 1624.993 ms - 0
[2025-11-13 15:21:18] INFO: GET /api/files/0a769060-a198-4213-88d1-01809e78a7dd 200 104.486 ms - 0
[2025-11-13 15:21:54] INFO: POST /api/files 201 3899.939 ms - 356
[2025-11-13 15:21:58] WARN: GET /api/files/file-management/6e3a74c068b54f919c4f8deda5551650tes/amiafi4hym3lwmkrntua 404 0.590 ms - 64
[2025-11-13 15:22:18] INFO: GET /api/files/cb05fe2f-642b-45f2-9c79-0947a369358b 200 1710.926 ms - 0
[2025-11-13 15:22:24] INFO: GET /api/files/cb05fe2f-642b-45f2-9c79-0947a369358b 200 309.555 ms - 0
[2025-11-13 15:23:06] WARN: GET /api/files/cb05fe2f-642b-45f2-9c79-0947a369358b/download 401 0.867 ms - 86
[2025-11-13 15:23:27] INFO: GET /api/files/cb05fe2f-642b-45f2-9c79-0947a369358b/download 200 456.383 ms - 3264100
[2025-11-13 15:25:26] INFO: GET /api/files/0a769060-a198-4213-88d1-01809e78a7dd 200 206.745 ms - 0
[2025-11-13 15:27:05] INFO: GET /api/files/cb05fe2f-642b-45f2-9c79-0947a369358b/download 304 392.937 ms - 0
[2025-11-13 15:27:10] WARN: GET /api/files/cb05fe2f-642b-45f2-9c79-0947a369358 400 4.258 ms - 67
[2025-11-13 15:27:13] INFO: GET /api/files/cb05fe2f-642b-45f2-9c79-0947a369358b 200 352.555 ms - 0
[2025-11-13 15:27:26] INFO: GET /api/files/cb05fe2f-642b-45f2-9c79-0947a369358b 200 273.666 ms - 0
[2025-11-13 15:27:32] INFO: GET /api/files/0a769060-a198-4213-88d1-01809e78a7dd 200 307.849 ms - 0
[2025-11-13 15:27:32] INFO: GET /api/files/0a769060-a198-4213-88d1-01809e78a7dd 200 29.212 ms - 0
[2025-11-13 15:40:11] INFO: POST /api/files 201 4754.209 ms - 476
[2025-11-13 15:40:19] INFO: GET /api/files/19f86db1-1f5f-4a56-9199-4a509e416977/download 200 750.657 ms - 3264100
[2025-11-13 15:46:17] INFO: DELETE /api/files/cb05fe2f-642b-45f2-9c79-0947a369358b 200 1400.168 ms - 67
[2025-11-13 15:46:37] WARN: GET /api/files/cb05fe2f-642b-45f2-9c79-0947a369358b 400 3.049 ms - 67
[2025-11-13 15:47:25] WARN: GET /api/files/cb05fe2f-642b-45f2-9c79-0947a369358b 400 2.618 ms - 67
